2023-02-18 14:18:37.823  INFO 1400 --- [main] lavalink.server.Launcher                 : 

[32m       .  [31m _                  _ _       _    [32m__ _ _
[32m      /\\ [31m| | __ ___   ____ _| (_)_ __ | | __[32m\ \ \ \
[32m     ( ( )[31m| |/ _` \ \ / / _` | | | '_ \| |/ /[32m \ \ \ \
[32m      \\/ [31m| | (_| |\ V / (_| | | | | | |   < [32m  ) ) ) )
[32m       '  [31m|_|\__,_| \_/ \__,_|_|_|_| |_|_|\_\[32m / / / /
[0m    =========================================[32m/_/_/_/[0m

	Version:        3.4
	Build:          1257
	Build time:     26.10.2021 14:18:37 UTC
	Branch          master
	Commit:         a364833
	Commit time:    26.10.2021 14:15:20 UTC
	JVM:            19.0.1
	Lavaplayer      1.3.96-original

2023-02-18 14:18:37.927  INFO 1400 --- [main] lavalink.server.Launcher                 : Starting Launcher on DESKTOP-HGCN4EN with PID 1400 (C:\Main\Programming\JS\Discord-Bots\Music-Bot\lavalink\Lavalink.jar started by Alanvv in C:\Main\Programming\JS\Discord-Bots\Music-Bot\lavalink)
2023-02-18 14:18:37.928  INFO 1400 --- [main] lavalink.server.Launcher                 : No active profile set, falling back to default profiles: default
2023-02-18 14:18:38.032  WARN 1400 --- [background-preinit] o.s.h.c.j.Jackson2ObjectMapperBuilder    : For Jackson Kotlin classes support please add "com.fasterxml.jackson.module:jackson-module-kotlin" to the classpath
2023-02-18 14:18:39.183  WARN 1400 --- [main] io.undertow.websockets.jsr               : UT026010: Buffer pool was not set on WebSocketDeploymentInfo, the default pool will be used
2023-02-18 14:18:39.202  INFO 1400 --- [main] io.undertow.servlet                      : Initializing Spring embedded WebApplicationContext
2023-02-18 14:18:39.203  INFO 1400 --- [main] o.s.web.context.ContextLoader            : Root WebApplicationContext: initialization completed in 1218 ms
2023-02-18 14:18:39.570  WARN 1400 --- [main] l.server.config.SentryConfiguration      : Turning off sentry
2023-02-18 14:18:39.837  INFO 1400 --- [main] c.s.d.l.tools.GarbageCollectionMonitor   : GC monitoring enabled, reporting results every 2 minutes.
2023-02-18 14:18:40.039  INFO 1400 --- [main] lavalink.server.config.KoeConfiguration  : OS: Windows 10, Arch: amd64
2023-02-18 14:18:40.039  WARN 1400 --- [main] lavalink.server.config.KoeConfiguration  : This system and architecture appears to not support native audio sending! GC pauses may cause your bot to stutter during playback.
2023-02-18 14:18:40.297  INFO 1400 --- [main] o.s.s.concurrent.ThreadPoolTaskExecutor  : Initializing ExecutorService 'applicationTaskExecutor'
2023-02-18 14:18:40.678  INFO 1400 --- [main] org.xnio                                 : XNIO version 3.3.8.Final
2023-02-18 14:18:40.692  INFO 1400 --- [main] org.xnio.nio                             : XNIO NIO Implementation Version 3.3.8.Final
2023-02-18 14:18:40.754  INFO 1400 --- [main] ConditionEvaluationReportLoggingListener : 

Error starting ApplicationContext. To display the conditions report re-run your application with 'debug' enabled.
2023-02-18 14:18:40.760 ERROR 1400 --- [main] lavalink.server.Launcher                 : Application failed

org.springframework.boot.web.server.PortInUseException: Port 2333 is already in use
	at org.springframework.boot.web.embedded.undertow.UndertowServletWebServer.start(UndertowServletWebServer.java:154) ~[spring-boot-2.1.8.RELEASE.jar!/:2.1.8.RELEASE]
	at org.springframework.boot.web.servlet.context.ServletWebServerApplicationContext.startWebServer(ServletWebServerApplicationContext.java:297) ~[spring-boot-2.1.8.RELEASE.jar!/:2.1.8.RELEASE]
	at org.springframework.boot.web.servlet.context.ServletWebServerApplicationContext.finishRefresh(ServletWebServerApplicationContext.java:163) ~[spring-boot-2.1.8.RELEASE.jar!/:2.1.8.RELEASE]
	at org.springframework.context.support.AbstractApplicationContext.refresh(AbstractApplicationContext.java:552) ~[spring-context-5.1.9.RELEASE.jar!/:5.1.9.RELEASE]
	at org.springframework.boot.web.servlet.context.ServletWebServerApplicationContext.refresh(ServletWebServerApplicationContext.java:141) ~[spring-boot-2.1.8.RELEASE.jar!/:2.1.8.RELEASE]
	at org.springframework.boot.SpringApplication.refresh(SpringApplication.java:744) ~[spring-boot-2.1.8.RELEASE.jar!/:2.1.8.RELEASE]
	at org.springframework.boot.SpringApplication.refreshContext(SpringApplication.java:391) ~[spring-boot-2.1.8.RELEASE.jar!/:2.1.8.RELEASE]
	at org.springframework.boot.SpringApplication.run(SpringApplication.java:312) ~[spring-boot-2.1.8.RELEASE.jar!/:2.1.8.RELEASE]
	at lavalink.server.Launcher.main(Launcher.kt:127) ~[classes!/:na]
	at java.base/jdk.internal.reflect.DirectMethodHandleAccessor.invoke(DirectMethodHandleAccessor.java:104) ~[na:na]
	at java.base/java.lang.reflect.Method.invoke(Method.java:578) ~[na:na]
	at org.springframework.boot.loader.MainMethodRunner.run(MainMethodRunner.java:48) ~[Lavalink.jar:na]
	at org.springframework.boot.loader.Launcher.launch(Launcher.java:87) ~[Lavalink.jar:na]
	at org.springframework.boot.loader.Launcher.launch(Launcher.java:51) ~[Lavalink.jar:na]
	at org.springframework.boot.loader.JarLauncher.main(JarLauncher.java:52) ~[Lavalink.jar:na]

2023-02-18 14:18:40.763 ERROR 1400 --- [main] o.s.b.d.LoggingFailureAnalysisReporter   : 

***************************
APPLICATION FAILED TO START
***************************

Description:

Web server failed to start. Port 2333 was already in use.

Action:

Identify and stop the process that's listening on port 2333 or configure this application to listen on another port.

2023-02-18 14:18:40.766  INFO 1400 --- [main] o.s.s.concurrent.ThreadPoolTaskExecutor  : Shutting down ExecutorService 'applicationTaskExecutor'
2023-02-18 14:18:40.769  INFO 1400 --- [main] c.s.d.l.tools.GarbageCollectionMonitor   : GC monitoring disabled.
2023-02-18 14:19:06.771  INFO 8396 --- [main] lavalink.server.Launcher                 : 

[32m       .  [31m _                  _ _       _    [32m__ _ _
[32m      /\\ [31m| | __ ___   ____ _| (_)_ __ | | __[32m\ \ \ \
[32m     ( ( )[31m| |/ _` \ \ / / _` | | | '_ \| |/ /[32m \ \ \ \
[32m      \\/ [31m| | (_| |\ V / (_| | | | | | |   < [32m  ) ) ) )
[32m       '  [31m|_|\__,_| \_/ \__,_|_|_|_| |_|_|\_\[32m / / / /
[0m    =========================================[32m/_/_/_/[0m

	Version:        3.4
	Build:          1257
	Build time:     26.10.2021 14:18:37 UTC
	Branch          master
	Commit:         a364833
	Commit time:    26.10.2021 14:15:20 UTC
	JVM:            19.0.1
	Lavaplayer      1.3.96-original

2023-02-18 14:19:06.868  INFO 8396 --- [main] lavalink.server.Launcher                 : Starting Launcher on DESKTOP-HGCN4EN with PID 8396 (C:\Main\Programming\JS\Discord-Bots\Music-Bot\lavalink\Lavalink.jar started by Alanvv in C:\Main\Programming\JS\Discord-Bots\Music-Bot\lavalink)
2023-02-18 14:19:06.869  INFO 8396 --- [main] lavalink.server.Launcher                 : No active profile set, falling back to default profiles: default
2023-02-18 14:19:06.981  WARN 8396 --- [background-preinit] o.s.h.c.j.Jackson2ObjectMapperBuilder    : For Jackson Kotlin classes support please add "com.fasterxml.jackson.module:jackson-module-kotlin" to the classpath
2023-02-18 14:19:08.114  WARN 8396 --- [main] io.undertow.websockets.jsr               : UT026010: Buffer pool was not set on WebSocketDeploymentInfo, the default pool will be used
2023-02-18 14:19:08.135  INFO 8396 --- [main] io.undertow.servlet                      : Initializing Spring embedded WebApplicationContext
2023-02-18 14:19:08.135  INFO 8396 --- [main] o.s.web.context.ContextLoader            : Root WebApplicationContext: initialization completed in 1204 ms
2023-02-18 14:19:31.868  INFO 10412 --- [main] lavalink.server.Launcher                 : 

[32m       .  [31m _                  _ _       _    [32m__ _ _
[32m      /\\ [31m| | __ ___   ____ _| (_)_ __ | | __[32m\ \ \ \
[32m     ( ( )[31m| |/ _` \ \ / / _` | | | '_ \| |/ /[32m \ \ \ \
[32m      \\/ [31m| | (_| |\ V / (_| | | | | | |   < [32m  ) ) ) )
[32m       '  [31m|_|\__,_| \_/ \__,_|_|_|_| |_|_|\_\[32m / / / /
[0m    =========================================[32m/_/_/_/[0m

	Version:        3.4
	Build:          1257
	Build time:     26.10.2021 14:18:37 UTC
	Branch          master
	Commit:         a364833
	Commit time:    26.10.2021 14:15:20 UTC
	JVM:            19.0.1
	Lavaplayer      1.3.96-original

2023-02-18 14:19:31.954  INFO 10412 --- [main] lavalink.server.Launcher                 : Starting Launcher on DESKTOP-HGCN4EN with PID 10412 (C:\Main\Programming\JS\Discord-Bots\Music-Bot\lavalink\Lavalink.jar started by Alanvv in C:\Main\Programming\JS\Discord-Bots\Music-Bot\lavalink)
2023-02-18 14:19:31.955  INFO 10412 --- [main] lavalink.server.Launcher                 : No active profile set, falling back to default profiles: default
2023-02-18 14:19:32.057  WARN 10412 --- [background-preinit] o.s.h.c.j.Jackson2ObjectMapperBuilder    : For Jackson Kotlin classes support please add "com.fasterxml.jackson.module:jackson-module-kotlin" to the classpath
2023-02-18 14:19:33.247  WARN 10412 --- [main] io.undertow.websockets.jsr               : UT026010: Buffer pool was not set on WebSocketDeploymentInfo, the default pool will be used
2023-02-18 14:19:33.271  INFO 10412 --- [main] io.undertow.servlet                      : Initializing Spring embedded WebApplicationContext
2023-02-18 14:19:33.271  INFO 10412 --- [main] o.s.web.context.ContextLoader            : Root WebApplicationContext: initialization completed in 1257 ms
2023-02-18 14:19:33.638  WARN 10412 --- [main] l.server.config.SentryConfiguration      : Turning off sentry
2023-02-18 14:19:33.920  INFO 10412 --- [main] c.s.d.l.tools.GarbageCollectionMonitor   : GC monitoring enabled, reporting results every 2 minutes.
2023-02-18 14:19:34.125  INFO 10412 --- [main] lavalink.server.config.KoeConfiguration  : OS: Windows 10, Arch: amd64
2023-02-18 14:19:34.125  WARN 10412 --- [main] lavalink.server.config.KoeConfiguration  : This system and architecture appears to not support native audio sending! GC pauses may cause your bot to stutter during playback.
2023-02-18 14:19:34.373  INFO 10412 --- [main] o.s.s.concurrent.ThreadPoolTaskExecutor  : Initializing ExecutorService 'applicationTaskExecutor'
2023-02-18 14:19:34.747  INFO 10412 --- [main] org.xnio                                 : XNIO version 3.3.8.Final
2023-02-18 14:19:34.767  INFO 10412 --- [main] org.xnio.nio                             : XNIO NIO Implementation Version 3.3.8.Final
2023-02-18 14:19:34.833  INFO 10412 --- [main] o.s.b.w.e.u.UndertowServletWebServer     : Undertow started on port(s) 2333 (http) with context path ''
2023-02-18 14:19:34.838  INFO 10412 --- [main] lavalink.server.Launcher                 : Started Launcher in 3.442 seconds (JVM running for 4.032)
2023-02-18 14:19:34.841  INFO 10412 --- [main] lavalink.server.Launcher                 : You can safely ignore the big red warning about illegal reflection. See https://github.com/freyacodes/Lavalink/issues/295
2023-02-18 14:19:50.482  INFO 10412 --- [XNIO-1 task-1] io.undertow.servlet                      : Initializing Spring DispatcherServlet 'dispatcherServlet'
2023-02-18 14:19:50.483  INFO 10412 --- [XNIO-1 task-1] o.s.web.servlet.DispatcherServlet        : Initializing Servlet 'dispatcherServlet'
2023-02-18 14:19:50.488  INFO 10412 --- [XNIO-1 task-1] o.s.web.servlet.DispatcherServlet        : Completed initialization in 5 ms
2023-02-18 14:19:50.512  INFO 10412 --- [XNIO-1 task-1] l.server.io.HandshakeInterceptorImpl     : Incoming connection from /127.0.0.1:52523
2023-02-18 14:19:50.586  INFO 10412 --- [XNIO-1 task-1] lavalink.server.io.SocketServer          : Connection successfully established from erela.js
2023-02-18 14:19:56.708  INFO 10412 --- [XNIO-1 I/O-7] lavalink.server.io.SocketServer          : {"op":"volume","guildId":"787378268788883457","volume":100}
2023-02-18 14:19:56.743  INFO 10412 --- [XNIO-1 task-2] l.server.player.AudioLoaderRestHandler   : Got request to load for identifier "ytsearch:System Of A Down - Lonely Day (Official HD Video)"
2023-02-18 14:19:56.954  INFO 10412 --- [XNIO-1 I/O-7] lavalink.server.io.SocketServer          : {"op":"voiceUpdate","guildId":"787378268788883457","sessionId":"9579cd6865ecb982010be770a9d17a17","event":{"token":"b6dee8ae6be4a7de","guild_id":"787378268788883457","endpoint":"brazil6694.discord.media:443"}}
2023-02-18 14:19:57.826  INFO 10412 --- [lava-daemon-pool-info-loader-2-thread-1] lavalink.server.player.AudioLoader       : Loaded playlist Search results for: System Of A Down - Lonely Day (Official HD Video)
2023-02-18 14:19:57.853  INFO 10412 --- [XNIO-1 I/O-7] lavalink.server.io.SocketServer          : {"op":"play","guildId":"787378268788883457","track":"QAAAmwIAMVN5c3RlbSBPZiBBIERvd24gLSBMb25lbHkgRGF5IChPZmZpY2lhbCBIRCBWaWRlbykAEFN5c3RlbSBPZiBBIERvd24AAAAAAAKf4AALRG5HZG9FYTF0UGcAAQAraHR0cHM6Ly93d3cueW91dHViZS5jb20vd2F0Y2g/dj1Ebkdkb0VhMXRQZwAHeW91dHViZQAAAAAAAAAA"}
2023-02-18 14:20:01.259  INFO 10412 --- [XNIO-1 I/O-7] lavalink.server.io.SocketServer          : {"op":"pause","guildId":"787378268788883457","pause":true}
2023-02-18 14:20:01.261  INFO 10412 --- [XNIO-1 I/O-7] lavalink.server.io.SocketServer          : {"op":"destroy","guildId":"787378268788883457"}
